c:\users\mohye\desktop\new folder (2)\bank system team\bank_system\x64\debug\vc143.pdb
c:\users\mohye\desktop\new folder (2)\bank system team\bank_system\x64\debug\vc143.idb
c:\users\mohye\desktop\new folder (2)\bank system team\bank_system\x64\debug\admin.nativecodeanalysis.sarif
c:\users\mohye\desktop\new folder (2)\bank system team\bank_system\x64\debug\admin.nativecodeanalysis.xml
c:\users\mohye\desktop\new folder (2)\bank system team\bank_system\x64\debug\adminmanager.nativecodeanalysis.sarif
c:\users\mohye\desktop\new folder (2)\bank system team\bank_system\x64\debug\adminmanager.nativecodeanalysis.xml
c:\users\mohye\desktop\new folder (2)\bank system team\bank_system\x64\debug\bank_system.nativecodeanalysis.sarif
c:\users\mohye\desktop\new folder (2)\bank system team\bank_system\x64\debug\bank_system.nativecodeanalysis.xml
c:\users\mohye\desktop\new folder (2)\bank system team\bank_system\x64\debug\client.nativecodeanalysis.sarif
c:\users\mohye\desktop\new folder (2)\bank system team\bank_system\x64\debug\client.nativecodeanalysis.xml
c:\users\mohye\desktop\new folder (2)\bank system team\bank_system\x64\debug\clientmanager.nativecodeanalysis.sarif
c:\users\mohye\desktop\new folder (2)\bank system team\bank_system\x64\debug\clientmanager.nativecodeanalysis.xml
c:\users\mohye\desktop\new folder (2)\bank system team\bank_system\x64\debug\datasourceinterface.nativecodeanalysis.sarif
c:\users\mohye\desktop\new folder (2)\bank system team\bank_system\x64\debug\datasourceinterface.nativecodeanalysis.xml
c:\users\mohye\desktop\new folder (2)\bank system team\bank_system\x64\debug\employee.nativecodeanalysis.sarif
c:\users\mohye\desktop\new folder (2)\bank system team\bank_system\x64\debug\employee.nativecodeanalysis.xml
c:\users\mohye\desktop\new folder (2)\bank system team\bank_system\x64\debug\employeemanager.nativecodeanalysis.sarif
c:\users\mohye\desktop\new folder (2)\bank system team\bank_system\x64\debug\employeemanager.nativecodeanalysis.xml
c:\users\mohye\desktop\new folder (2)\bank system team\bank_system\x64\debug\filemanager.nativecodeanalysis.sarif
c:\users\mohye\desktop\new folder (2)\bank system team\bank_system\x64\debug\filemanager.nativecodeanalysis.xml
c:\users\mohye\desktop\new folder (2)\bank system team\bank_system\x64\debug\fileshelper.nativecodeanalysis.sarif
c:\users\mohye\desktop\new folder (2)\bank system team\bank_system\x64\debug\fileshelper.nativecodeanalysis.xml
c:\users\mohye\desktop\new folder (2)\bank system team\bank_system\x64\debug\parser.nativecodeanalysis.sarif
c:\users\mohye\desktop\new folder (2)\bank system team\bank_system\x64\debug\parser.nativecodeanalysis.xml
c:\users\mohye\desktop\new folder (2)\bank system team\bank_system\x64\debug\person.nativecodeanalysis.sarif
c:\users\mohye\desktop\new folder (2)\bank system team\bank_system\x64\debug\person.nativecodeanalysis.xml
c:\users\mohye\desktop\new folder (2)\bank system team\bank_system\x64\debug\screens.nativecodeanalysis.sarif
c:\users\mohye\desktop\new folder (2)\bank system team\bank_system\x64\debug\screens.nativecodeanalysis.xml
c:\users\mohye\desktop\new folder (2)\bank system team\bank_system\x64\debug\validation.nativecodeanalysis.sarif
c:\users\mohye\desktop\new folder (2)\bank system team\bank_system\x64\debug\validation.nativecodeanalysis.xml
c:\users\mohye\desktop\new folder (2)\bank system team\bank_system\x64\debug\validation.obj
c:\users\mohye\desktop\new folder (2)\bank system team\bank_system\x64\debug\screens.obj
c:\users\mohye\desktop\new folder (2)\bank system team\bank_system\x64\debug\person.obj
c:\users\mohye\desktop\new folder (2)\bank system team\bank_system\x64\debug\parser.obj
c:\users\mohye\desktop\new folder (2)\bank system team\bank_system\x64\debug\fileshelper.obj
c:\users\mohye\desktop\new folder (2)\bank system team\bank_system\x64\debug\filemanager.obj
c:\users\mohye\desktop\new folder (2)\bank system team\bank_system\x64\debug\employeemanager.obj
c:\users\mohye\desktop\new folder (2)\bank system team\bank_system\x64\debug\employee.obj
c:\users\mohye\desktop\new folder (2)\bank system team\bank_system\x64\debug\datasourceinterface.obj
c:\users\mohye\desktop\new folder (2)\bank system team\bank_system\x64\debug\clientmanager.obj
c:\users\mohye\desktop\new folder (2)\bank system team\bank_system\x64\debug\client.obj
c:\users\mohye\desktop\new folder (2)\bank system team\bank_system\x64\debug\bank_system.obj
c:\users\mohye\desktop\new folder (2)\bank system team\bank_system\x64\debug\adminmanager.obj
c:\users\mohye\desktop\new folder (2)\bank system team\bank_system\x64\debug\admin.obj
c:\users\mohye\desktop\new folder (2)\bank system team\bank_system\x64\debug\bank_system.ilk
c:\users\mohye\desktop\new folder (2)\bank system team\x64\debug\bank_system.exe
c:\users\mohye\desktop\new folder (2)\bank system team\x64\debug\bank_system.pdb
c:\users\mohye\desktop\new folder (2)\bank system team\bank_system\x64\debug\vc.nativecodeanalysis.all.xml
c:\users\mohye\desktop\new folder (2)\bank system team\bank_system\x64\debug\bank_system.tlog\cl.command.1.tlog
c:\users\mohye\desktop\new folder (2)\bank system team\bank_system\x64\debug\bank_system.tlog\cl.read.1.tlog
c:\users\mohye\desktop\new folder (2)\bank system team\bank_system\x64\debug\bank_system.tlog\cl.write.1.tlog
c:\users\mohye\desktop\new folder (2)\bank system team\bank_system\x64\debug\bank_system.tlog\link.command.1.tlog
c:\users\mohye\desktop\new folder (2)\bank system team\bank_system\x64\debug\bank_system.tlog\link.read.1.tlog
c:\users\mohye\desktop\new folder (2)\bank system team\bank_system\x64\debug\bank_system.tlog\link.write.1.tlog
